<?xml version="1.0" encoding="UTF-8"?>
<!-- Generated by org.testng.reporters.JUnitReportReporter -->
<testsuite hostname="DESKTOP-CJ2TM4F" failures="0" tests="1" name="practice.testng.ActivateSimCardTest2" time="0.014" errors="0" timestamp="2024-05-31T10:04:37 IST" skipped="0">
  <testcase classname="practice.testng.ActivateSimCardTest2" name="createInvoiceTest" time="0.014"/>
</testsuite> <!-- practice.testng.ActivateSimCardTest2 -->
