<?xml version="1.0" encoding="UTF-8"?>
<!-- Generated by org.testng.reporters.JUnitReportReporter -->
<testsuite hostname="DESKTOP-CJ2TM4F" failures="0" tests="1" name="com.comcast.crm.contacttest.CreateContactTest" time="9.445" errors="0" timestamp="2024-05-25T10:33:13 IST" skipped="0">
  <testcase classname="com.comcast.crm.contacttest.CreateContactTest" name="createContactTest" time="9.445"/>
</testsuite> <!-- com.comcast.crm.contacttest.CreateContactTest -->
