<?xml version="1.0" encoding="UTF-8"?>
<!-- Generated by org.testng.reporters.JUnitReportReporter -->
<testsuite hostname="DESKTOP-CJ2TM4F" failures="0" tests="1" name="co.comcast.crm.orgtest.CreateOrgWithPhoneNumber" time="14.634" errors="0" timestamp="2024-05-25T11:20:42 IST" skipped="0">
  <testcase classname="co.comcast.crm.orgtest.CreateOrgWithPhoneNumber" name="createOrgWithPhoneNumber" time="14.634"/>
</testsuite> <!-- co.comcast.crm.orgtest.CreateOrgWithPhoneNumber -->
