<?xml version="1.0" encoding="UTF-8"?>
<!-- Generated by org.testng.reporters.JUnitReportReporter -->
<testsuite hostname="DESKTOP-CJ2TM4F" failures="0" tests="1" name="practice.testng.SampleReportTest" time="8.256" errors="0" timestamp="2024-06-04T18:04:36 IST" skipped="0">
  <testcase classname="practice.testng.SampleReportTest" name="createContactTest" time="8.256"/>
</testsuite> <!-- practice.testng.SampleReportTest -->
