<?xml version="1.0" encoding="UTF-8"?>
<!-- Generated by org.testng.reporters.JUnitReportReporter -->
<testsuite hostname="DESKTOP-CJ2TM4F" failures="0" tests="1" name="practice.testng.SampleTestForScreenShot" time="10.935" errors="0" timestamp="2024-05-29T15:12:31 IST" skipped="0">
  <testcase classname="practice.testng.SampleTestForScreenShot" name="amazonTest" time="10.935"/>
</testsuite> <!-- practice.testng.SampleTestForScreenShot -->
