<?xml version="1.0" encoding="UTF-8"?>
<!-- Generated by org.testng.reporters.JUnitReportReporter -->
<testsuite hostname="DESKTOP-CJ2TM4F" failures="0" tests="1" name="co.comcast.crm.orgtest.CreateOrgWithType" time="17.416" errors="0" timestamp="2024-05-25T11:28:09 IST" skipped="0">
  <testcase classname="co.comcast.crm.orgtest.CreateOrgWithType" name="createOrgWithType" time="17.416"/>
</testsuite> <!-- co.comcast.crm.orgtest.CreateOrgWithType -->
