<?xml version="1.0" encoding="UTF-8"?>
<!-- Generated by org.testng.reporters.JUnitReportReporter -->
<testsuite hostname="DESKTOP-CJ2TM4F" failures="0" tests="2" name="practice.hometest.HomepageSampleTest" time="0.014" errors="0" timestamp="2024-05-29T11:06:23 IST" skipped="0">
  <testcase classname="practice.hometest.HomepageSampleTest" name="homePageTest" time="0.012">
    <system-out>
      <![CDATA[homePageTest starts
step-1
step-2
step-3
step-4
homePageTest end ]]>
    </system-out>
  </testcase> <!-- homePageTest -->
  <testcase classname="practice.hometest.HomepageSampleTest" name="verifyLogoHomePageTest" time="0.002">
    <system-out>
      <![CDATA[verifyLogoHomePageTest starts
step-1
step-2
step-3
step-4]]>
    </system-out>
  </testcase> <!-- verifyLogoHomePageTest -->
  <system-out>
    <![CDATA[homePageTest starts
step-1
step-2
step-3
step-4
homePageTest end 
verifyLogoHomePageTest starts
step-1
step-2
step-3
step-4]]>
  </system-out>
</testsuite> <!-- practice.hometest.HomepageSampleTest -->
