<?xml version="1.0" encoding="UTF-8"?>
<!-- Generated by org.testng.reporters.JUnitReportReporter -->
<testsuite hostname="DESKTOP-CJ2TM4F" failures="0" tests="1" name="com.comcast.crm.contacttest.CreateContactWithOrgTest" time="29.572" errors="0" timestamp="2024-05-25T10:47:31 IST" skipped="0">
  <testcase classname="com.comcast.crm.contacttest.CreateContactWithOrgTest" name="createContactWithOrgTest" time="29.572"/>
</testsuite> <!-- com.comcast.crm.contacttest.CreateContactWithOrgTest -->
