<?xml version="1.0" encoding="UTF-8"?>
<!-- Generated by org.testng.reporters.JUnitReportReporter -->
<testsuite hostname="DESKTOP-CJ2TM4F" failures="0" tests="1" name="co.comcast.crm.orgtest.CreateOrgMandatoryField" time="15.053" errors="0" timestamp="2024-05-25T11:11:33 IST" skipped="0">
  <testcase classname="co.comcast.crm.orgtest.CreateOrgMandatoryField" name="createOrgMandatoryField" time="15.053"/>
</testsuite> <!-- co.comcast.crm.orgtest.CreateOrgMandatoryField -->
