<?xml version="1.0" encoding="UTF-8"?>
<!-- Generated by org.testng.reporters.JUnitReportReporter -->
<testsuite hostname="DESKTOP-CJ2TM4F" failures="0" tests="1" name="co.comcast.crm.orgtest.DeleteOrgTest" time="25.132" errors="0" timestamp="2024-05-25T11:33:35 IST" skipped="0">
  <testcase classname="co.comcast.crm.orgtest.DeleteOrgTest" name="deleteOrgTest" time="25.132"/>
</testsuite> <!-- co.comcast.crm.orgtest.DeleteOrgTest -->
