<?xml version="1.0" encoding="UTF-8"?>
<!-- Generated by org.testng.reporters.JUnitReportReporter -->
<testsuite hostname="DESKTOP-CJ2TM4F" failures="0" tests="1" name="com.comcast.crm.contacttest.CreateContactWithSupportDate" time="14.198" errors="0" timestamp="2024-05-25T11:02:51 IST" skipped="0">
  <testcase classname="com.comcast.crm.contacttest.CreateContactWithSupportDate" name="createContactWithSupportDate" time="14.198"/>
</testsuite> <!-- com.comcast.crm.contacttest.CreateContactWithSupportDate -->
